<?xml version="1.0" encoding="UTF-8"?>
        <beans xmlns="http://www.springframework.org/schema/beans"
       xmlns:xsi="http://www.w3.org/2001/XMLSchema-instance"
       xmlns:context="http://www.springframework.org/schema/context"
       xmlns:util="http://www.springframework.org/schema/util" xmlns:jdbc="http://www.springframework.org/schema/jdbc"
       xsi:schemaLocation="http://www.springframework.org/schema/beans http://www.springframework.org/schema/beans/spring-beans-3.0.xsd
       http://www.springframework.org/schema/context http://www.springframework.org/schema/context/spring-context-3.0.xsd
       http://www.springframework.org/schema/util http://www.springframework.org/schema/util/spring-util-3.0.xsd http://www.springframework.org/schema/jdbc http://www.springframework.org/schema/jdbc/spring-jdbc.xsd">


    <bean id="dataSource" class="org.apache.commons.dbcp.BasicDataSource" destroy-method="close">
        <property name="driverClassName" value="org.hsqldb.jdbcDriver"/>
        <property name="url" value="jdbc:hsqldb:mem:bookeshop"/>
        <property name="username" value="sa"/>
        <property name="password" value=""/>
    </bean>

    <jdbc:initialize-database data-source="dataSource">
        <jdbc:script location="classpath:schema.sql"/>
        <jdbc:script location="classpath:test-data.sql"/>
    </jdbc:initialize-database>

     <util:properties id="hibernateProperties" location="classpath:hibernate.properties">
        <prop key="hibernate.dialect">${hibernate.dialect}</prop>
        <prop key="hibernate.show_sql">${hibernate.show_sql}</prop>
        <prop key="hibernate.format_sql">${hibernate.format_sql}</prop>
        <prop key="hibernate.use_sql_comments">${hibernate.use_sql_comments}</prop>
    </util:properties>

    <bean id="hibernateSessionFactory" class="org.springframework.orm.hibernate3.LocalSessionFactoryBean">
        <property name="dataSource" ref="dataSource"/>
        <property name="mappingDirectoryLocations" value="classpath:/mappings"/>
        <property name="hibernateProperties" ref="hibernateProperties"/>
    </bean>

    <bean id="bookDAO" class="fr.mbh.bookeshop.dao.impl.BookDAOImpl">
        <property name="sessionFactory" ref="hibernateSessionFactory"/>
    </bean>

</beans>